
ArgumentError: Invalid shells: 
  - /bin/bash

Currently available shells are:
  - bash
  - fish
  - powershell
  - tcsh
  - xonsh
  - zsh


CommandNotFoundError: Your shell has not been properly configured to use 'conda activate'.
To initialize your shell, run

    $ conda init <SHELL_NAME>

Currently supported shells are:
  - bash
  - fish
  - tcsh
  - xonsh
  - zsh
  - powershell

See 'conda init --help' for more information and options.

IMPORTANT: You may need to close and restart your shell after running 'conda init'.


[I 05:02:20.302 NotebookApp] The port 8888 is already in use, trying another port.
[I 05:02:20.302 NotebookApp] The port 8889 is already in use, trying another port.
[I 05:02:20.305 NotebookApp] Serving notebooks from local directory: /database
[I 05:02:20.306 NotebookApp] The Jupyter Notebook is running at:
[I 05:02:20.306 NotebookApp] http://10.128.0.3:8890/?token=6f34ffcf2af162aca0b63293e9d160961e49b6102bd174af
[I 05:02:20.306 NotebookApp]  or http://127.0.0.1:8890/?token=6f34ffcf2af162aca0b63293e9d160961e49b6102bd174af
[I 05:02:20.306 NotebookApp] Use Control-C to stop this server and shut down all kernels (twice to skip confirmation).
[W 05:02:20.309 NotebookApp] No web browser found: could not locate runnable browser.
[C 05:02:20.309 NotebookApp] 
    
    To access the notebook, open this file in a browser:
        file:///root/.local/share/jupyter/runtime/nbserver-26604-open.html
    Or copy and paste one of these URLs:
        http://10.128.0.3:8890/?token=6f34ffcf2af162aca0b63293e9d160961e49b6102bd174af
     or http://127.0.0.1:8890/?token=6f34ffcf2af162aca0b63293e9d160961e49b6102bd174af
